<?xml version="1.0" encoding="UTF-8"?>
<!-- Generated by org.testng.reporters.JUnitReportReporter -->
<testsuite hostname="Vijetha-Prabhakar" name="Java_programs.Prime_no" tests="1" failures="0" timestamp="2 Jan 2020 15:11:22 GMT" time="73.997" errors="0">
  <testcase name="checkPrime" time="73.997" classname="Java_programs.Prime_no"/>
</testsuite> <!-- Java_programs.Prime_no -->
