<?xml version="1.0" encoding="UTF-8"?>
<!-- Generated by org.testng.reporters.JUnitReportReporter -->
<testsuite hostname="Vijetha-Prabhakar" name="Data_provider.Data_Test" tests="4" failures="0" timestamp="7 Jan 2020 15:05:44 GMT" time="106.403" errors="0">
  <testcase name="login" time="38.046" classname="Data_provider.Data_Test"/>
  <testcase name="login" time="23.766" classname="Data_provider.Data_Test"/>
  <testcase name="login" time="21.895" classname="Data_provider.Data_Test"/>
  <testcase name="login" time="22.696" classname="Data_provider.Data_Test"/>
</testsuite> <!-- Data_provider.Data_Test -->
