<?xml version="1.0" encoding="UTF-8"?>
<!-- Generated by org.testng.reporters.JUnitReportReporter -->
<testsuite hostname="Vijetha-Prabhakar" name="Java_programs.Bubble_sort" tests="1" failures="0" timestamp="2 Jan 2020 15:13:15 GMT" time="0.019" errors="0">
  <testcase name="sort" time="0.019" classname="Java_programs.Bubble_sort"/>
</testsuite> <!-- Java_programs.Bubble_sort -->
