<?xml version="1.0" encoding="UTF-8"?>
<!-- Generated by org.testng.reporters.JUnitReportReporter -->
<testsuite hostname="Vijetha-Prabhakar" name="Java_programs.Repeated_element_in_arry" tests="1" failures="0" timestamp="8 Jan 2020 17:20:40 GMT" time="0.044" errors="0">
  <testcase name="countRepeats" time="0.044" classname="Java_programs.Repeated_element_in_arry"/>
</testsuite> <!-- Java_programs.Repeated_element_in_arry -->
