<?xml version="1.0" encoding="UTF-8"?>
<!-- Generated by org.testng.reporters.JUnitReportReporter -->
<testsuite hostname="Vijetha-Prabhakar" name="ExtentReports.Test2" tests="1" failures="0" timestamp="6 Jan 2020 14:17:16 GMT" time="1.296" errors="0">
  <testcase name="Sample" time="1.296" classname="ExtentReports.Test2"/>
</testsuite> <!-- ExtentReports.Test2 -->
