<?xml version="1.0" encoding="UTF-8"?>
<!-- Generated by org.testng.reporters.JUnitReportReporter -->
<testsuite hostname="Vijetha-Prabhakar" name="Java_programs.Palindrome" tests="1" failures="0" timestamp="7 Jan 2020 08:47:12 GMT" time="0.042" errors="0">
  <testcase name="palinDrome" time="0.042" classname="Java_programs.Palindrome"/>
</testsuite> <!-- Java_programs.Palindrome -->
