<?xml version="1.0" encoding="UTF-8"?>
<!-- Generated by org.testng.reporters.JUnitReportReporter -->
<testsuite hostname="Vijetha-Prabhakar" name="ExtentReports.Google" tests="1" failures="0" timestamp="6 Jan 2020 14:12:30 GMT" time="28.636" errors="0">
  <testcase name="login" time="28.636" classname="ExtentReports.Google"/>
</testsuite> <!-- ExtentReports.Google -->
