<?xml version="1.0" encoding="UTF-8"?>
<!-- Generated by org.testng.reporters.JUnitReportReporter -->
<testsuite hostname="Vijetha-Prabhakar" name="ExtentReports.test1" tests="1" failures="0" timestamp="6 Jan 2020 17:03:38 GMT" time="52.705" errors="0">
  <testcase name="Demo1" time="52.705" classname="ExtentReports.test1"/>
</testsuite> <!-- ExtentReports.test1 -->
