<?xml version="1.0" encoding="UTF-8"?>
<!-- Generated by org.testng.reporters.JUnitReportReporter -->
<testsuite hostname="Vijetha-Prabhakar" name="Java_programs.Reverse_String" tests="1" failures="0" timestamp="2 Jan 2020 06:11:13 GMT" time="0.016" errors="0">
  <testcase name="reverseString" time="0.016" classname="Java_programs.Reverse_String"/>
</testsuite> <!-- Java_programs.Reverse_String -->
